{
    "Total_time": {
        "mean": 13.5038196124,
        "std": 0.14211812909159433
    },
    "Time_to_initialize": {
        "mean": 9.167689999999999e-05,
        "std": 2.0454878366785755e-06
    },
    "Time_to_create": {
        "mean": 0.0016888627,
        "std": 0.0005830379355709282
    },
    "Time_to_connect": {
        "mean": 0.010208510799999999,
        "std": 0.0005836891925529889
    },
    "Time_to_build": {
        "mean": 6.9069473574,
        "std": 0.13209353084476155
    },
    "Time_to_load": {
        "mean": 0.41966927169999996,
        "std": 0.012264994490417524
    },
    "Time_to_pre-simulate": {
        "mean": 0.40121548979999994,
        "std": 0.0036396409908888545
    },
    "Time_to_simulate": {
        "mean": 5.7639801613,
        "std": 0.008089084118910734
    }
}