{
    "BlockStep": {
        "time_network": {
            "mean": 0.0001539262,
            "std": 2.3720907149601136e-06
        },
        "time_create": {
            "mean": 1.8532901845999998,
            "std": 0.03451553385130519
        },
        "time_connect": {
            "mean": 35.9797227133,
            "std": 0.3264123096660576
        },
        "time_presimulate": {
            "mean": 2.5198949659000003,
            "std": 0.007537644026644608
        },
        "time_simulate": {
            "mean": 8.5307047303,
            "std": 0.022454427099385593
        },
        "time_total": {
            "mean": 48.8837665203,
            "std": 0.3584289336132373
        }
    }
}